0 info it worked if it ends with ok
1 verbose cli [ 'node', '/usr/local/bin/npm', 'install', '-g', 'cordova' ]
2 info using npm@2.5.1
3 info using node@v0.12.0
4 silly cache add args [ 'cordova', null ]
5 verbose cache add spec cordova
6 silly cache add parsed spec { raw: 'cordova',
6 silly cache add   scope: null,
6 silly cache add   name: 'cordova',
6 silly cache add   rawSpec: '',
6 silly cache add   spec: '*',
6 silly cache add   type: 'range' }
7 verbose addNamed cordova@*
8 silly addNamed semver.valid null
9 silly addNamed semver.validRange *
10 silly addNameRange { name: 'cordova', range: '*', hasData: false }
11 silly mapToRegistry name cordova
12 silly mapToRegistry using default registry
13 silly mapToRegistry registry https://registry.npmjs.org/
14 silly mapToRegistry uri https://registry.npmjs.org/cordova
15 verbose addNameRange registry:https://registry.npmjs.org/cordova not in flight; fetching
16 verbose request uri https://registry.npmjs.org/cordova
17 verbose request no auth needed
18 info attempt registry request try #1 at 11:31:17 AM
19 verbose request id 270def1c33ab15be
20 verbose etag "6BM0PAXOTEHDOSTQLKMD843X5"
21 http request GET https://registry.npmjs.org/cordova
22 http 304 https://registry.npmjs.org/cordova
23 silly get cb [ 304,
23 silly get   { date: 'Wed, 21 Oct 2015 17:30:47 GMT',
23 silly get     via: '1.1 varnish',
23 silly get     'cache-control': 'max-age=60',
23 silly get     etag: '"6BM0PAXOTEHDOSTQLKMD843X5"',
23 silly get     age: '0',
23 silly get     connection: 'keep-alive',
23 silly get     'x-served-by': 'cache-ord1723-ORD',
23 silly get     'x-cache': 'HIT',
23 silly get     'x-cache-hits': '1',
23 silly get     'x-timer': 'S1445448647.454303,VS0,VE65',
23 silly get     vary: 'Accept' } ]
24 verbose etag https://registry.npmjs.org/cordova from cache
25 verbose get saving cordova to /Users/jroccatagliata/.npm/registry.npmjs.org/cordova/.cache.json
26 silly addNameRange number 2 { name: 'cordova', range: '*', hasData: true }
27 silly addNameRange versions [ 'cordova',
27 silly addNameRange   [ '0.0.1',
27 silly addNameRange     '0.0.2',
27 silly addNameRange     '0.0.3',
27 silly addNameRange     '0.0.4',
27 silly addNameRange     '0.0.5',
27 silly addNameRange     '0.0.6',
27 silly addNameRange     '0.0.7',
27 silly addNameRange     '0.0.8',
27 silly addNameRange     '0.0.9',
27 silly addNameRange     '0.1.0',
27 silly addNameRange     '0.1.1',
27 silly addNameRange     '0.1.2',
27 silly addNameRange     '0.1.3',
27 silly addNameRange     '0.1.4',
27 silly addNameRange     '0.1.5',
27 silly addNameRange     '0.1.6',
27 silly addNameRange     '0.1.7',
27 silly addNameRange     '0.1.8',
27 silly addNameRange     '0.1.9',
27 silly addNameRange     '0.1.10',
27 silly addNameRange     '0.1.11',
27 silly addNameRange     '0.1.12',
27 silly addNameRange     '0.1.13',
27 silly addNameRange     '0.1.14',
27 silly addNameRange     '2.2.0',
27 silly addNameRange     '2.3.0',
27 silly addNameRange     '2.3.1',
27 silly addNameRange     '2.3.2',
27 silly addNameRange     '2.3.3',
27 silly addNameRange     '2.3.5',
27 silly addNameRange     '2.3.6',
27 silly addNameRange     '2.4.0',
27 silly addNameRange     '2.4.1',
27 silly addNameRange     '2.4.2',
27 silly addNameRange     '2.4.3',
27 silly addNameRange     '2.4.4',
27 silly addNameRange     '2.4.5',
27 silly addNameRange     '2.4.6',
27 silly addNameRange     '2.4.7',
27 silly addNameRange     '2.4.8',
27 silly addNameRange     '2.4.9',
27 silly addNameRange     '2.4.10',
27 silly addNameRange     '2.5.0',
27 silly addNameRange     '2.5.2',
27 silly addNameRange     '2.5.3',
27 silly addNameRange     '2.5.4',
27 silly addNameRange     '2.5.5',
27 silly addNameRange     '2.6.0',
27 silly addNameRange     '2.6.1',
27 silly addNameRange     '2.6.2',
27 silly addNameRange     '2.7.0-rc.1',
27 silly addNameRange     '2.7.1-rc.1',
27 silly addNameRange     '2.7.2',
27 silly addNameRange     '2.7.3',
27 silly addNameRange     '2.7.4',
27 silly addNameRange     '2.8.0',
27 silly addNameRange     '2.8.1',
27 silly addNameRange     '2.8.2',
27 silly addNameRange     '2.8.3',
27 silly addNameRange     '2.8.4',
27 silly addNameRange     '2.8.5',
27 silly addNameRange     '2.8.6',
27 silly addNameRange     '2.8.7',
27 silly addNameRange     '2.8.8',
27 silly addNameRange     '2.8.9',
27 silly addNameRange     '2.8.10',
27 silly addNameRange     '2.8.11',
27 silly addNameRange     '2.8.12',
27 silly addNameRange     '2.8.13',
27 silly addNameRange     '2.8.14',
27 silly addNameRange     '2.8.15',
27 silly addNameRange     '2.8.16',
27 silly addNameRange     '2.8.17',
27 silly addNameRange     '2.8.18',
27 silly addNameRange     '2.8.19',
27 silly addNameRange     '2.8.20',
27 silly addNameRange     '2.8.21',
27 silly addNameRange     '2.8.22',
27 silly addNameRange     '2.8.23',
27 silly addNameRange     '2.8.24',
27 silly addNameRange     '2.8.25',
27 silly addNameRange     '2.9.0',
27 silly addNameRange     '2.9.1',
27 silly addNameRange     '2.9.2',
27 silly addNameRange     '2.9.3',
27 silly addNameRange     '2.9.4',
27 silly addNameRange     '2.9.5',
27 silly addNameRange     '2.9.6',
27 silly addNameRange     '2.9.7',
27 silly addNameRange     '3.0.0-rc1',
27 silly addNameRange     '3.0.0-rc1-1',
27 silly addNameRange     '3.0.0-rc1-3',
27 silly addNameRange     '3.0.0',
27 silly addNameRange     '3.0.1',
27 silly addNameRange     '3.0.2',
27 silly addNameRange     '3.0.3',
27 silly addNameRange     '3.0.4',
27 silly addNameRange     '3.0.5',
27 silly addNameRange     '3.0.6',
27 silly addNameRange     '3.0.7',
27 silly addNameRange     '3.0.8',
27 silly addNameRange     '3.0.9',
27 silly addNameRange     '3.0.10',
27 silly addNameRange     '3.1.0-0.1.0',
27 silly addNameRange     '3.1.0-0.2.0',
27 silly addNameRange     '3.2.0-rc.1',
27 silly addNameRange     '3.2.0-0.1.0',
27 silly addNameRange     '3.2.0-0.2.0',
27 silly addNameRange     '3.2.0-0.3.0',
27 silly addNameRange     '3.2.0-0.4.0',
27 silly addNameRange     '3.3.0-rc.1',
27 silly addNameRange     '3.3.0-0.1.1',
27 silly addNameRange     '3.3.1-0.1.2',
27 silly addNameRange     '2.9.0-rc1',
27 silly addNameRange     '3.3.1-0.3.0',
27 silly addNameRange     '3.3.1-0.3.1',
27 silly addNameRange     '3.3.1-0.4.1',
27 silly addNameRange     '3.3.1-0.4.2',
27 silly addNameRange     '3.4.0-0.1.0',
27 silly addNameRange     '3.4.0-0.1.1',
27 silly addNameRange     '3.4.0-0.1.2',
27 silly addNameRange     '3.4.0-0.1.3',
27 silly addNameRange     '0.0.0-fake',
27 silly addNameRange     '3.4.1-0.1.0',
27 silly addNameRange     '3.5.0-0.2.0',
27 silly addNameRange     '3.5.0-0.2.1',
27 silly addNameRange     '3.5.0-0.2.2',
27 silly addNameRange     '3.5.0-0.2.3',
27 silly addNameRange     '3.5.0-0.2.4',
27 silly addNameRange     '3.5.0-0.2.6',
27 silly addNameRange     '3.5.0-0.2.7',
27 silly addNameRange     '3.6.0-0.2.8',
27 silly addNameRange     '3.6.0-0.2.9',
27 silly addNameRange     '3.6.1-0.2.10',
27 silly addNameRange     '3.6.3-0.2.11',
27 silly addNameRange     '3.6.3-0.2.12',
27 silly addNameRange     '3.6.3-0.2.13',
27 silly addNameRange     '4.0.0',
27 silly addNameRange     '4.0.1',
27 silly addNameRange     '4.1.0',
27 silly addNameRange     '4.1.1',
27 silly addNameRange     '4.1.2',
27 silly addNameRange     '4.1.3-nightly.2014.10.21',
27 silly addNameRange     '4.2.0',
27 silly addNameRange     '4.3.0',
27 silly addNameRange     '5.0.0',
27 silly addNameRange     '4.3.1',
27 silly addNameRange     '5.1.1',
27 silly addNameRange     '5.2.0',
27 silly addNameRange     '5.3.1',
27 silly addNameRange     '5.3.3' ] ]
28 verbose addNamed cordova@5.3.3
29 silly addNamed semver.valid 5.3.3
30 silly addNamed semver.validRange 5.3.3
31 silly cache afterAdd cordova@5.3.3
32 verbose afterAdd /Users/jroccatagliata/.npm/cordova/5.3.3/package/package.json not in flight; writing
33 verbose afterAdd /Users/jroccatagliata/.npm/cordova/5.3.3/package/package.json written
34 silly install resolved [ { name: 'cordova',
34 silly install resolved     version: '5.3.3',
34 silly install resolved     preferGlobal: 'true',
34 silly install resolved     description: 'Cordova command line interface tool',
34 silly install resolved     main: 'cordova',
34 silly install resolved     engines: { node: '>=0.9.9' },
34 silly install resolved     engineStrict: true,
34 silly install resolved     bin: { cordova: './bin/cordova' },
34 silly install resolved     scripts:
34 silly install resolved      { test: 'node node_modules/jasmine-node/bin/jasmine-node --captureExceptions --color spec',
34 silly install resolved        cover: 'node node_modules/istanbul/lib/cli.js cover --root src --print detail node_modules/jasmine-node/bin/jasmine-node -- spec' },
34 silly install resolved     repository:
34 silly install resolved      { type: 'git',
34 silly install resolved        url: 'https://git-wip-us.apache.org/repos/asf/cordova-cli.git' },
34 silly install resolved     bugs:
34 silly install resolved      { url: 'https://issues.apache.org/jira/browse/CB',
34 silly install resolved        email: 'dev@cordova.apache.org' },
34 silly install resolved     keywords: [ 'cordova', 'client', 'cli' ],
34 silly install resolved     dependencies:
34 silly install resolved      { 'cordova-lib': '5.3.3',
34 silly install resolved        q: '1.0.1',
34 silly install resolved        nopt: '3.0.1',
34 silly install resolved        underscore: '1.7.0' },
34 silly install resolved     devDependencies:
34 silly install resolved      { istanbul: '^0.3.4',
34 silly install resolved        grunt: '0.4.5',
34 silly install resolved        'grunt-retire': '0.3.7',
34 silly install resolved        'jasmine-node': '1.14.5' },
34 silly install resolved     author: { name: 'Anis Kadri' },
34 silly install resolved     contributors:
34 silly install resolved      [ [Object],
34 silly install resolved        [Object],
34 silly install resolved        [Object],
34 silly install resolved        [Object],
34 silly install resolved        [Object],
34 silly install resolved        [Object],
34 silly install resolved        [Object],
34 silly install resolved        [Object],
34 silly install resolved        [Object],
34 silly install resolved        [Object],
34 silly install resolved        [Object],
34 silly install resolved        [Object],
34 silly install resolved        [Object],
34 silly install resolved        [Object],
34 silly install resolved        [Object],
34 silly install resolved        [Object],
34 silly install resolved        [Object],
34 silly install resolved        [Object],
34 silly install resolved        [Object],
34 silly install resolved        [Object],
34 silly install resolved        [Object],
34 silly install resolved        [Object],
34 silly install resolved        [Object],
34 silly install resolved        [Object] ],
34 silly install resolved     license: 'Apache version 2.0',
34 silly install resolved     _id: 'cordova@5.3.3',
34 silly install resolved     _shasum: 'd8933ea57cf4d390a1c86d0b43def76f61fb4d76',
34 silly install resolved     _resolved: 'https://registry.npmjs.org/cordova/-/cordova-5.3.3.tgz',
34 silly install resolved     _from: 'cordova@*',
34 silly install resolved     _npmVersion: '2.14.2',
34 silly install resolved     _nodeVersion: '4.0.0',
34 silly install resolved     _npmUser:
34 silly install resolved      { name: 'kotikov.vladimir',
34 silly install resolved        email: 'kotikov.vladimir@gmail.com' },
34 silly install resolved     dist:
34 silly install resolved      { shasum: 'd8933ea57cf4d390a1c86d0b43def76f61fb4d76',
34 silly install resolved        tarball: 'http://registry.npmjs.org/cordova/-/cordova-5.3.3.tgz' },
34 silly install resolved     maintainers:
34 silly install resolved      [ [Object],
34 silly install resolved        [Object],
34 silly install resolved        [Object],
34 silly install resolved        [Object],
34 silly install resolved        [Object],
34 silly install resolved        [Object],
34 silly install resolved        [Object],
34 silly install resolved        [Object],
34 silly install resolved        [Object],
34 silly install resolved        [Object],
34 silly install resolved        [Object],
34 silly install resolved        [Object],
34 silly install resolved        [Object],
34 silly install resolved        [Object],
34 silly install resolved        [Object],
34 silly install resolved        [Object],
34 silly install resolved        [Object],
34 silly install resolved        [Object] ],
34 silly install resolved     directories: {},
34 silly install resolved     readme: 'ERROR: No README data found!' } ]
35 info install cordova@5.3.3 into /usr/local/lib
36 info installOne cordova@5.3.3
37 verbose installOne of cordova to /usr/local/lib not in flight; installing
38 verbose lock using /Users/jroccatagliata/.npm/_locks/cordova-fa12e2e096426a32.lock for /usr/local/lib/node_modules/cordova
39 silly install write writing cordova 5.3.3 to /usr/local/lib/node_modules/cordova
40 silly cache addNamed cb cordova@5.3.3
41 verbose unbuild lib/node_modules/cordova
42 info preuninstall cordova@5.3.3
43 info uninstall cordova@5.3.3
44 verbose unbuild rmStuff cordova@5.3.3 from /usr/local/lib/node_modules
45 verbose gentlyRm verifying that /usr/local is managed by npm
46 silly isManaged /usr/local is not inside /usr/local/lib/node_modules
47 silly isManaged /usr/local is not inside /usr/local/lib/node_modules
48 silly isManaged /usr/local/bin is inside /usr/local
49 silly gentlyRm /usr/local is managed by npm
50 silly gentlyRm /usr/local/bin/cordova is under /usr/local
51 verbose gentlyRm vacuuming /usr/local/bin/cordova up to /usr/local
52 info postuninstall cordova@5.3.3
53 verbose gentlyRm vacuuming /usr/local/lib/node_modules/cordova
54 silly gentlyRm purging /usr/local/lib/node_modules/cordova
55 verbose unlock done using /Users/jroccatagliata/.npm/_locks/cordova-fa12e2e096426a32.lock for /usr/local/lib/node_modules/cordova
56 verbose stack Error: EACCES, unlink '/usr/local/lib/node_modules/cordova'
56 verbose stack     at Error (native)
57 verbose cwd /Users/jroccatagliata/kendoui/racmyappmaclocal/racmyapp/MyApp
58 error Darwin 14.5.0
59 error argv "node" "/usr/local/bin/npm" "install" "-g" "cordova"
60 error node v0.12.0
61 error npm  v2.5.1
62 error path /usr/local/lib/node_modules/cordova
63 error code EACCES
64 error errno -13
65 error Error: EACCES, unlink '/usr/local/lib/node_modules/cordova'
65 error     at Error (native)
65 error  { [Error: EACCES, unlink '/usr/local/lib/node_modules/cordova']
65 error   errno: -13,
65 error   code: 'EACCES',
65 error   path: '/usr/local/lib/node_modules/cordova' }
66 error Please try running this command again as root/Administrator.
67 verbose exit [ -13, true ]
68 verbose unbuild lib/node_modules/cordova
69 info preuninstall cordova@5.3.3
70 info uninstall cordova@5.3.3
71 verbose unbuild rmStuff cordova@5.3.3 from /usr/local/lib/node_modules
72 verbose gentlyRm verifying that /usr/local is managed by npm
73 silly isManaged /usr/local is not inside /usr/local/lib/node_modules
74 silly isManaged /usr/local is not inside /usr/local/lib/node_modules
75 silly isManaged /usr/local is not inside /usr/local/bin
76 silly isManaged /usr/local is inside /usr/local
77 silly gentlyRm /usr/local is managed by npm
78 silly gentlyRm /usr/local/bin/cordova is under /usr/local
79 verbose gentlyRm vacuuming /usr/local/bin/cordova up to /usr/local
80 info postuninstall cordova@5.3.3
81 verbose gentlyRm vacuuming /usr/local/lib/node_modules/cordova
82 silly gentlyRm purging /usr/local/lib/node_modules/cordova
83 error error rolling back Error: EACCES, unlink '/usr/local/lib/node_modules/cordova'
83 error error rolling back     at Error (native)
83 error error rolling back  { [Error: EACCES, unlink '/usr/local/lib/node_modules/cordova']
83 error error rolling back   errno: -13,
83 error error rolling back   code: 'EACCES',
83 error error rolling back   path: '/usr/local/lib/node_modules/cordova' }
